0 info it worked if it ends with ok
1 verbose cli [ 'D:\\nodejs\\node.exe',
1 verbose cli   'D:\\nodejs\\node_modules\\npm\\bin\\npm-cli.js',
1 verbose cli   'run-script',
1 verbose cli   'lint:fix' ]
2 info using npm@2.14.3
3 info using node@v4.0.0
4 verbose run-script [ 'prelint:fix', 'lint:fix', 'postlint:fix' ]
5 info prelint:fix fastmapwebapi@0.1.0
6 info lint:fix fastmapwebapi@0.1.0
7 verbose unsafe-perm in lifecycle true
8 info fastmapwebapi@0.1.0 Failed to exec lint:fix script
9 verbose stack Error: fastmapwebapi@0.1.0 lint:fix: `npm run lint -- --fix`
9 verbose stack Exit status 1
9 verbose stack     at EventEmitter.<anonymous> (D:\nodejs\node_modules\npm\lib\utils\lifecycle.js:214:16)
9 verbose stack     at emitTwo (events.js:87:13)
9 verbose stack     at EventEmitter.emit (events.js:172:7)
9 verbose stack     at ChildProcess.<anonymous> (D:\nodejs\node_modules\npm\lib\utils\spawn.js:24:14)
9 verbose stack     at emitTwo (events.js:87:13)
9 verbose stack     at ChildProcess.emit (events.js:172:7)
9 verbose stack     at maybeClose (internal/child_process.js:817:16)
9 verbose stack     at Process.ChildProcess._handle.onexit (internal/child_process.js:211:5)
10 verbose pkgid fastmapwebapi@0.1.0
11 verbose cwd E:\fastmap-road\WebApp
12 error Windows_NT 6.1.7601
13 error argv "D:\\nodejs\\node.exe" "D:\\nodejs\\node_modules\\npm\\bin\\npm-cli.js" "run-script" "lint:fix"
14 error node v4.0.0
15 error npm  v2.14.3
16 error code ELIFECYCLE
17 error fastmapwebapi@0.1.0 lint:fix: `npm run lint -- --fix`
17 error Exit status 1
18 error Failed at the fastmapwebapi@0.1.0 lint:fix script 'npm run lint -- --fix'.
18 error This is most likely a problem with the fastmapwebapi package,
18 error not with npm itself.
18 error Tell the author that this fails on your system:
18 error     npm run lint -- --fix
18 error You can get their info via:
18 error     npm owner ls fastmapwebapi
18 error There is likely additional logging output above.
19 verbose exit [ 1, true ]
